  Board.cpp
src\Board.cpp(28): warning C4018: '<': signed/unsigned mismatch
src\Board.cpp(49): warning C4018: '<': signed/unsigned mismatch
src\Board.cpp(99): warning C4018: '<': signed/unsigned mismatch
src\Board.cpp(102): warning C4018: '<': signed/unsigned mismatch
src\Board.cpp(122): warning C4018: '<': signed/unsigned mismatch
src\Board.cpp(125): warning C4018: '<': signed/unsigned mismatch
src\Board.cpp(149): warning C4018: '<': signed/unsigned mismatch
src\Board.cpp(152): warning C4018: '<': signed/unsigned mismatch
  Graph.cpp
src\Graph.cpp(34): warning C4018: '<': signed/unsigned mismatch
src\Graph.cpp(48): warning C4018: '<': signed/unsigned mismatch
src\Graph.cpp(76): warning C4309: 'argument': truncation of constant value
src\Graph.cpp(160): warning C4309: 'argument': truncation of constant value
src\Graph.cpp(268): warning C4018: '<': signed/unsigned mismatch
src\Graph.cpp(311): warning C4018: '<': signed/unsigned mismatch
src\Graph.cpp(339): warning C4018: '<': signed/unsigned mismatch
src\Graph.cpp(363): warning C4018: '<': signed/unsigned mismatch
src\Graph.cpp(367): warning C4018: '<': signed/unsigned mismatch
  main.cpp
  Generating code
  0 of 1056 functions ( 0.0%) were compiled, the rest were copied from previous compilation.
    0 functions were new in current compilation
    10 functions had inline decision re-evaluated but remain unchanged
  Finished generating code
  ParticleSystem.vcxproj -> E:\GitHub\477-Project\Release\ParticleSystem.exe
