e:\dropbox\concordia\12. fall 2019\comp 477\a2\particleeffect\particleeffect\particlesystem\release\particlesystem.pch
e:\dropbox\concordia\12. fall 2019\comp 477\a2\particleeffect\particleeffect\particlesystem\release\vc141.pdb
e:\dropbox\concordia\12. fall 2019\comp 477\a2\particleeffect\particleeffect\particlesystem\release\particlesystempch.obj
e:\dropbox\concordia\12. fall 2019\comp 477\a2\particleeffect\particleeffect\particlesystem\release\pivotcamera.obj
e:\dropbox\concordia\12. fall 2019\comp 477\a2\particleeffect\particleeffect\particlesystem\release\main.obj
e:\dropbox\concordia\12. fall 2019\comp 477\a2\particleeffect\particleeffect\particlesystem\release\elapsedtime.obj
e:\dropbox\concordia\12. fall 2019\comp 477\a2\particleeffect\particleeffect\particlesystem\release\camera.obj
e:\dropbox\concordia\12. fall 2019\comp 477\a2\particleeffect\particleeffect\particlesystem\release\circlegenerator.obj
e:\dropbox\concordia\12. fall 2019\comp 477\a2\particleeffect\particleeffect\particlesystem\release\crowngenerator.obj
e:\dropbox\concordia\12. fall 2019\comp 477\a2\particleeffect\particleeffect\particlesystem\release\particleeffect.obj
e:\dropbox\concordia\12. fall 2019\comp 477\a2\particleeffect\particleeffect\release\particlesystem.exe
e:\dropbox\concordia\12. fall 2019\comp 477\a2\particleeffect\particleeffect\release\particlesystem.pdb
e:\dropbox\concordia\12. fall 2019\comp 477\a2\particleeffect\particleeffect\release\particlesystem.ipdb
e:\dropbox\concordia\12. fall 2019\comp 477\a2\particleeffect\particleeffect\release\particlesystem.iobj
e:\dropbox\concordia\12. fall 2019\comp 477\a2\particleeffect\particleeffect\particlesystem\release\particlesystem.tlog\cl.command.1.tlog
e:\dropbox\concordia\12. fall 2019\comp 477\a2\particleeffect\particleeffect\particlesystem\release\particlesystem.tlog\cl.read.1.tlog
e:\dropbox\concordia\12. fall 2019\comp 477\a2\particleeffect\particleeffect\particlesystem\release\particlesystem.tlog\cl.write.1.tlog
e:\dropbox\concordia\12. fall 2019\comp 477\a2\particleeffect\particleeffect\particlesystem\release\particlesystem.tlog\link-rc.read.1.tlog
e:\dropbox\concordia\12. fall 2019\comp 477\a2\particleeffect\particleeffect\particlesystem\release\particlesystem.tlog\link.command.1.tlog
e:\dropbox\concordia\12. fall 2019\comp 477\a2\particleeffect\particleeffect\particlesystem\release\particlesystem.tlog\link.read.1.tlog
e:\dropbox\concordia\12. fall 2019\comp 477\a2\particleeffect\particleeffect\particlesystem\release\particlesystem.tlog\link.write.1.tlog
e:\dropbox\concordia\12. fall 2019\comp 477\a2\particleeffect\particleeffect\particlesystem\release\particlesystem.tlog\particlesystem.write.1u.tlog
